<?xml version="1.0" encoding="UTF-8"?>
<!-- Generated by org.testng.reporters.JUnitXMLReporter -->
<testsuite hostname="DESKTOP-FSA7TIF" name="Test" tests="5" failures="0" timestamp="28 Apr 2020 14:13:36 GMT" time="0.031" errors="0">
  <testcase name="test1" time="0.0" classname="Package.TestNG_Failed_Test_cases"/>
  <testcase name="test2" time="0.0" classname="Package.TestNG_Failed_Test_cases"/>
  <testcase name="test3" time="0.0" classname="Package.TestNG_Failed_Test_cases"/>
  <testcase name="test4" time="0.0" classname="Package.TestNG_Failed_Test_cases"/>
  <testcase name="test5" time="0.0" classname="Package.TestNG_Failed_Test_cases"/>
</testsuite> <!-- Test -->
