<?xml version="1.0" encoding="UTF-8"?>
<!-- Generated by org.testng.reporters.JUnitXMLReporter -->
<testsuite hostname="DESKTOP-FSA7TIF" name="Default test" tests="5" failures="0" timestamp="28 Apr 2020 14:12:14 GMT" time="0.064" errors="0">
  <testcase name="test1" time="0.013" classname="Package.TestNG_Failed_Test_cases"/>
  <testcase name="test2" time="0.003" classname="Package.TestNG_Failed_Test_cases"/>
  <testcase name="test3" time="0.004" classname="Package.TestNG_Failed_Test_cases"/>
  <testcase name="test4" time="0.01" classname="Package.TestNG_Failed_Test_cases"/>
  <testcase name="test5" time="0.001" classname="Package.TestNG_Failed_Test_cases"/>
</testsuite> <!-- Default test -->
